<?xml version="1.0" encoding="UTF-8"?>
<!-- Generated by org.testng.reporters.JUnitReportReporter -->
<testsuite hostname="DESKTOP-8203IU4" failures="0" tests="1" name="org.providenceSMS_TestNG.AddTeacherTest" time="10.807" errors="0" timestamp="2022-09-16T17:39:19 IST" skipped="0">
  <testcase classname="org.providenceSMS_TestNG.AddTeacherTest" name="addTeacherTest" time="10.807"/>
  <system-out/>
</testsuite> <!-- org.providenceSMS_TestNG.AddTeacherTest -->
