<?xml version="1.0" encoding="UTF-8"?>
<!-- Generated by org.testng.reporters.JUnitReportReporter -->
<testsuite hostname="DESKTOP-8203IU4" failures="0" tests="1" name="org.providenceSMS_TestNG.CreateGradeTest" time="16.494" errors="0" timestamp="2022-09-20T18:33:33 IST" skipped="0">
  <testcase classname="org.providenceSMS_TestNG.CreateGradeTest" name="createGradeTest" time="16.494"/>
  <system-out/>
</testsuite> <!-- org.providenceSMS_TestNG.CreateGradeTest -->
