<?xml version="1.0" encoding="UTF-8"?>
<!-- Generated by org.testng.reporters.JUnitReportReporter -->
<testsuite hostname="DESKTOP-8203IU4" failures="0" tests="1" name="org.providenceSMS.practice.ScreenshotPractice" time="14.433" errors="0" timestamp="2022-09-19T17:07:51 IST" skipped="0">
  <testcase classname="org.providenceSMS.practice.ScreenshotPractice" name="screenshot" time="14.433"/>
  <system-out/>
</testsuite> <!-- org.providenceSMS.practice.ScreenshotPractice -->
