<?xml version="1.0" encoding="UTF-8"?>
<!-- Generated by org.testng.reporters.JUnitReportReporter -->
<testsuite hostname="DESKTOP-8203IU4" failures="0" tests="1" name="org.providenceSMS_TestNG.CreateGrade" time="10.149" errors="0" timestamp="2022-09-16T19:33:06 IST" skipped="0">
  <testcase classname="org.providenceSMS_TestNG.CreateGrade" name="createGradeTest" time="10.149"/>
  <system-out/>
</testsuite> <!-- org.providenceSMS_TestNG.CreateGrade -->
