<?xml version="1.0" encoding="UTF-8"?>
<!-- Generated by org.testng.reporters.JUnitReportReporter -->
<testsuite hostname="DESKTOP-8203IU4" failures="0" tests="5" name="org.providenceSMS.practice.TestNGPracticeTest" time="0.018" errors="0" timestamp="2022-09-20T22:04:29 IST" skipped="1">
  <testcase classname="org.providenceSMS.practice.TestNGPracticeTest" name="step3Test" time="0.012"/>
  <system-out>
    <![CDATA[Script3]]>
  </system-out>
  <testcase classname="org.providenceSMS.practice.TestNGPracticeTest" name="step2Test" time="0.001"/>
  <system-out>
    <![CDATA[Script2]]>
  </system-out>
  <testcase classname="org.providenceSMS.practice.TestNGPracticeTest" name="step2Test" time="0.003"/>
  <system-out>
    <![CDATA[Script2]]>
  </system-out>
  <testcase classname="org.providenceSMS.practice.TestNGPracticeTest" name="step2Test" time="0.002"/>
  <system-out>
    <![CDATA[Script2]]>
  </system-out>
  <testcase classname="org.providenceSMS.practice.TestNGPracticeTest" name="step1Test">
    <skipped/>
  </testcase> <!-- step1Test -->
  <system-out/>
</testsuite> <!-- org.providenceSMS.practice.TestNGPracticeTest -->
