<?xml version="1.0" encoding="UTF-8"?>
<!-- Generated by org.testng.reporters.JUnitReportReporter -->
<testsuite hostname="DESKTOP-8203IU4" failures="0" tests="1" name="org.tyss.ProvidenceSMS_TestNG.CreateGradeTest" time="10.171" errors="0" timestamp="2022-09-12T14:35:10 IST" skipped="0">
  <testcase classname="org.tyss.ProvidenceSMS_TestNG.CreateGradeTest" name="createGradeTest" time="10.171"/>
  <system-out/>
</testsuite> <!-- org.tyss.ProvidenceSMS_TestNG.CreateGradeTest -->
