<?xml version="1.0" encoding="UTF-8"?>
<!-- Generated by org.testng.reporters.JUnitReportReporter -->
<testsuite hostname="DESKTOP-8203IU4" failures="0" tests="2" name="org.providenceSMS.practice.TestNGPractice1Test" time="0.013" errors="0" timestamp="2022-09-15T14:42:32 IST" skipped="0">
  <testcase classname="org.providenceSMS.practice.TestNGPractice1Test" name="test" time="0.007"/>
  <system-out>
    <![CDATA[Test]]>
  </system-out>
  <testcase classname="org.providenceSMS.practice.TestNGPractice1Test" name="test1" time="0.006"/>
  <system-out>
    <![CDATA[Test1]]>
  </system-out>
</testsuite> <!-- org.providenceSMS.practice.TestNGPractice1Test -->
